<?xml version="1.0" encoding="UTF-8"?>
<!-- Generated by org.testng.reporters.JUnitReportReporter -->
<testsuite hostname="Sowndarya" failures="0" tests="3" name="home_Automobile.EndToEnd" time="133.914" errors="0" timestamp="2023-02-28T14:29:10 IST" skipped="0">
  <testcase classname="home_Automobile.EndToEnd" name="calculateInsurance" time="43.101"/>
  <system-out/>
  <testcase classname="home_Automobile.EndToEnd" name="calculateInsurance" time="41.100"/>
  <system-out/>
  <testcase classname="home_Automobile.EndToEnd" name="calculateInsurance" time="49.713"/>
  <system-out/>
</testsuite> <!-- home_Automobile.EndToEnd -->
