<?xml version="1.0" encoding="UTF-8"?>
<!-- Generated by org.testng.reporters.JUnitReportReporter -->
<testsuite hostname="Sowndarya" failures="0" tests="2" name="home_Motorcycle.EndToEnd" time="22.975" errors="0" timestamp="2023-02-22T14:45:25 IST" skipped="0">
  <testcase classname="home_Motorcycle.EndToEnd" name="test1" time="13.153"/>
  <system-out/>
  <testcase classname="home_Motorcycle.EndToEnd" name="test2" time="9.822"/>
  <system-out/>
</testsuite> <!-- home_Motorcycle.EndToEnd -->
