<?xml version="1.0" encoding="UTF-8"?>
<!-- Generated by org.testng.reporters.JUnitReportReporter -->
<testsuite hostname="Sowndarya" failures="0" tests="3" name="home_Automobile.Error" time="15.064" errors="0" timestamp="2023-02-22T21:28:11 IST" skipped="2">
  <testcase classname="home_Automobile.Error" name="verifyDropDownListOptions" time="15.064"/>
  <system-out/>
  <testcase classname="home_Automobile.Error" name="verifyErrorMessage_EnginePerformance1">
    <skipped/>
  </testcase> <!-- verifyErrorMessage_EnginePerformance1 -->
  <system-out/>
  <testcase classname="home_Automobile.Error" name="verifyErrorMessage_EnginePerformance">
    <skipped/>
  </testcase> <!-- verifyErrorMessage_EnginePerformance -->
  <system-out/>
</testsuite> <!-- home_Automobile.Error -->
